<?xml version="1.0" encoding="UTF-8"?>
<!-- Generated by org.testng.reporters.JUnitXMLReporter -->
<testsuite ignored="0" hostname="DESKTOP-9L4BQP1" failures="0" tests="4" name="Test" time="147.771" errors="0" timestamp="09 Jul 2019 10:45:01 GMT">
  <testcase classname="test.NewTest" name="openMyBlog" time="42.653"/>
  <testcase classname="test.NewTest2" name="openMyBlog" time="49.922"/>
  <testcase classname="test.NewTest" name="blog" time="28.406"/>
  <testcase classname="test.NewTest2" name="Tutorial" time="6.56"/>
</testsuite> <!-- Test -->
