<?xml version="1.0" encoding="UTF-8"?>
<testng-results total="1" passed="1" failed="0" skipped="0">
  <reporter-output>
  </reporter-output>
  <suite started-at="2019-06-26T12:44:56Z" name="Suite" finished-at="2019-06-26T12:46:31Z" duration-ms="94632">
    <groups>
    </groups>
    <test started-at="2019-06-26T12:44:56Z" name="Test" finished-at="2019-06-26T12:46:31Z" duration-ms="94632">
      <class name="test.NewTest">
        <test-method is-config="true" signature="beforeClass()[pri:0, instance:test.NewTest@313ac989]" started-at="2019-06-26T18:14:56Z" name="beforeClass" finished-at="2019-06-26T18:15:06Z" duration-ms="10251" status="PASS">
          <reporter-output>
          </reporter-output>
        </test-method> <!-- beforeClass -->
        <test-method signature="openMyBlog()[pri:0, instance:test.NewTest@313ac989]" started-at="2019-06-26T18:15:06Z" name="openMyBlog" finished-at="2019-06-26T18:16:28Z" duration-ms="81768" status="PASS">
          <reporter-output>
          </reporter-output>
        </test-method> <!-- openMyBlog -->
        <test-method is-config="true" signature="afterClass()[pri:0, instance:test.NewTest@313ac989]" started-at="2019-06-26T18:16:28Z" name="afterClass" finished-at="2019-06-26T18:16:31Z" duration-ms="2587" status="PASS">
          <reporter-output>
          </reporter-output>
        </test-method> <!-- afterClass -->
      </class> <!-- test.NewTest -->
    </test> <!-- Test -->
  </suite> <!-- Suite -->
</testng-results>
