<?xml version="1.0" encoding="UTF-8"?>
<testng-results ignored="0" total="2" passed="2" failed="0" skipped="0">
  <reporter-output>
  </reporter-output>
  <suite started-at="2019-08-07T05:22:27Z" name="Default suite" finished-at="2019-08-07T05:23:21Z" duration-ms="54509">
    <groups>
    </groups>
    <test started-at="2019-08-07T05:22:27Z" name="Default test" finished-at="2019-08-07T05:23:21Z" duration-ms="54509">
      <class name="test.NewTest">
        <test-method is-config="true" signature="beforeClass()[pri:0, instance:test.NewTest@25fb8912]" started-at="2019-08-07T05:22:27Z" name="beforeClass" finished-at="2019-08-07T05:22:53Z" duration-ms="26299" status="PASS">
          <reporter-output>
          </reporter-output>
        </test-method> <!-- beforeClass -->
        <test-method signature="openMyBlog()[pri:0, instance:test.NewTest@25fb8912]" started-at="2019-08-07T05:22:53Z" name="openMyBlog" finished-at="2019-08-07T05:23:01Z" duration-ms="8088" status="PASS">
          <reporter-output>
          </reporter-output>
        </test-method> <!-- openMyBlog -->
        <test-method signature="blog()[pri:1, instance:test.NewTest@25fb8912]" started-at="2019-08-07T05:23:01Z" name="blog" finished-at="2019-08-07T05:23:20Z" duration-ms="18242" status="PASS">
          <reporter-output>
          </reporter-output>
        </test-method> <!-- blog -->
        <test-method is-config="true" signature="afterClass()[pri:0, instance:test.NewTest@25fb8912]" started-at="2019-08-07T05:23:20Z" name="afterClass" finished-at="2019-08-07T05:23:21Z" duration-ms="1856" status="PASS">
          <reporter-output>
          </reporter-output>
        </test-method> <!-- afterClass -->
      </class> <!-- test.NewTest -->
    </test> <!-- Default test -->
  </suite> <!-- Default suite -->
</testng-results>
